[2024-05-07 13:36:37,241] multiqc                                            [DEBUG  ]  This is MultiQC v1.21
[2024-05-07 13:36:37,242] multiqc                                            [DEBUG  ]  Command used: /public/jxyue/Projects/EvoSeq_RNA/build/multiqc_conda_env/bin/multiqc -d -o MultiQC_outputs SRR23257372_1_fastqc.zip SRR23257372_2_fastqc.zip SRR23257373_1_fastqc.zip SRR23257373_2_fastqc.zip SRR23257374_1_fastqc.zip SRR23257374_2_fastqc.zip SRR23257376_1_fastqc.zip SRR23257376_2_fastqc.zip SRR23257377_1_fastqc.zip SRR23257377_2_fastqc.zip SRR23257378_1_fastqc.zip SRR23257378_2_fastqc.zip
[2024-05-07 13:36:40,861] multiqc                                            [DEBUG  ]  Latest MultiQC version is v1.21, released 2024-02-28
[2024-05-07 13:36:40,861] multiqc                                            [DEBUG  ]  Working dir : /public/jxyue/Projects/EvoSeq_RNA/Project_Example/00.RNAseq_Reads
[2024-05-07 13:36:40,861] multiqc                                            [DEBUG  ]  Template    : default
[2024-05-07 13:36:40,861] multiqc                                            [DEBUG  ]  Running Python 3.11.9 | packaged by conda-forge | (main, Apr 19 2024, 18:36:13) [GCC 12.3.0]
[2024-05-07 13:36:40,861] multiqc                                            [INFO   ]  Prepending directory to sample names
[2024-05-07 13:36:40,861] multiqc                                            [DEBUG  ]  Analysing modules: custom_content, ccs, ngsderive, purple, conpair, isoseq, lima, peddy, somalier, methylqa, mosdepth, phantompeakqualtools, qualimap, bamdst, preseq, hifiasm, quast, qorts, rna_seqc, rockhopper, rsem, rseqc, busco, bustools, goleft_indexcov, gffcompare, disambiguate, supernova, deeptools, sargasso, verifybamid, mirtrace, happy, mirtop, sambamba, gopeaks, homer, hops, macs2, theta2, snpeff, gatk, htseq, bcftools, featureCounts, fgbio, dragen, dragen_fastqc, dedup, pbmarkdup, damageprofiler, mapdamage, biobambam2, jcvi, mtnucratio, picard, vep, bakta, prokka, qc3C, nanostat, samblaster, samtools, sexdeterrmine, seqera_cli, eigenstratdatabasetools, bamtools, jellyfish, vcftools, longranger, stacks, varscan2, snippy, umitools, truvari, megahit, bbmap, bismark, biscuit, diamond, hicexplorer, hicup, hicpro, salmon, kallisto, slamdunk, star, hisat2, tophat, bowtie2, bowtie1, cellranger, snpsplit, odgi, pangolin, nextclade, freyja, humid, kat, leehom, librarian, nonpareil, adapterRemoval, bbduk, clipandmerge, cutadapt, flexbar, sourmash, kaiju, bracken, kraken, malt, motus, trimmomatic, sickle, skewer, sortmerna, biobloomtools, fastq_screen, afterqc, fastp, fastqc, filtlong, prinseqplusplus, pychopper, porechop, pycoqc, minionqc, anglerfish, multivcfanalyzer, clusterflow, checkqc, bcl2fastq, bclconvert, interop, ivar, flash, seqyclean, optitype, whatshap, spaceranger, xenome, xengsort, metaphlan, seqwho
[2024-05-07 13:36:40,862] multiqc                                            [DEBUG  ]  Using temporary directory for creating report: /tmp/tmpklehonf3
[2024-05-07 13:36:40,877] multiqc                                            [INFO   ]  Search path : /public/jxyue/Projects/EvoSeq_RNA/Project_Example/00.RNAseq_Reads/SRR23257372_1_fastqc.zip
[2024-05-07 13:36:40,877] multiqc                                            [INFO   ]  Search path : /public/jxyue/Projects/EvoSeq_RNA/Project_Example/00.RNAseq_Reads/SRR23257372_2_fastqc.zip
[2024-05-07 13:36:40,878] multiqc                                            [INFO   ]  Search path : /public/jxyue/Projects/EvoSeq_RNA/Project_Example/00.RNAseq_Reads/SRR23257373_1_fastqc.zip
[2024-05-07 13:36:40,878] multiqc                                            [INFO   ]  Search path : /public/jxyue/Projects/EvoSeq_RNA/Project_Example/00.RNAseq_Reads/SRR23257373_2_fastqc.zip
[2024-05-07 13:36:40,878] multiqc                                            [INFO   ]  Search path : /public/jxyue/Projects/EvoSeq_RNA/Project_Example/00.RNAseq_Reads/SRR23257374_1_fastqc.zip
[2024-05-07 13:36:40,878] multiqc                                            [INFO   ]  Search path : /public/jxyue/Projects/EvoSeq_RNA/Project_Example/00.RNAseq_Reads/SRR23257374_2_fastqc.zip
[2024-05-07 13:36:40,878] multiqc                                            [INFO   ]  Search path : /public/jxyue/Projects/EvoSeq_RNA/Project_Example/00.RNAseq_Reads/SRR23257376_1_fastqc.zip
[2024-05-07 13:36:40,878] multiqc                                            [INFO   ]  Search path : /public/jxyue/Projects/EvoSeq_RNA/Project_Example/00.RNAseq_Reads/SRR23257376_2_fastqc.zip
[2024-05-07 13:36:40,878] multiqc                                            [INFO   ]  Search path : /public/jxyue/Projects/EvoSeq_RNA/Project_Example/00.RNAseq_Reads/SRR23257377_1_fastqc.zip
[2024-05-07 13:36:40,878] multiqc                                            [INFO   ]  Search path : /public/jxyue/Projects/EvoSeq_RNA/Project_Example/00.RNAseq_Reads/SRR23257377_2_fastqc.zip
[2024-05-07 13:36:40,878] multiqc                                            [INFO   ]  Search path : /public/jxyue/Projects/EvoSeq_RNA/Project_Example/00.RNAseq_Reads/SRR23257378_1_fastqc.zip
[2024-05-07 13:36:40,878] multiqc                                            [INFO   ]  Search path : /public/jxyue/Projects/EvoSeq_RNA/Project_Example/00.RNAseq_Reads/SRR23257378_2_fastqc.zip
[2024-05-07 13:36:40,899] multiqc                                            [DEBUG  ]  Summary of files that were skipped by the search: []
[2024-05-07 13:36:41,150] multiqc                                            [DEBUG  ]  No samples found: custom_content
[2024-05-07 13:36:41,600] multiqc.modules.fastqc.fastqc                      [INFO   ]  Found 12 reports
[2024-05-07 13:36:41,600] multiqc.utils.util_functions                       [DEBUG  ]  Wrote data file multiqc_fastqc.txt
[2024-05-07 13:36:42,310] multiqc.plots.plotly.heatmap                       [DEBUG  ]  Resizing from 495x540 to fit the maximum size 900x500
[2024-05-07 13:36:42,310] multiqc.plots.plotly.heatmap                       [DEBUG  ]  Heatmap size: 900x500, px per element: 81.82x41.67
[2024-05-07 13:36:42,369] multiqc.utils.software_versions                    [DEBUG  ]  Reading software versions from config.software_versions
[2024-05-07 13:36:42,376] multiqc.utils.util_functions                       [DEBUG  ]  Wrote data file multiqc_software_versions.txt
[2024-05-07 13:36:42,397] multiqc.utils.util_functions                       [DEBUG  ]  Wrote data file multiqc_general_stats.txt
[2024-05-07 13:36:42,397] multiqc                                            [DEBUG  ]  Compressing plot data
[2024-05-07 13:36:42,625] multiqc.utils.util_functions                       [DEBUG  ]  Wrote data file multiqc_data.json
[2024-05-07 13:36:42,626] multiqc                                            [INFO   ]  Report      : MultiQC_outputs/multiqc_report.html
[2024-05-07 13:36:42,626] multiqc                                            [INFO   ]  Data        : MultiQC_outputs/multiqc_data
[2024-05-07 13:36:42,626] multiqc                                            [DEBUG  ]  Moving data file from '/tmp/tmpklehonf3/multiqc_data' to '/public/jxyue/Projects/EvoSeq_RNA/Project_Example/00.RNAseq_Reads/MultiQC_outputs/multiqc_data'
[2024-05-07 13:36:42,628] multiqc                                            [DEBUG  ]  Full report path: /public/jxyue/Projects/EvoSeq_RNA/Project_Example/00.RNAseq_Reads/MultiQC_outputs/multiqc_report.html
[2024-05-07 13:36:43,105] multiqc                                            [INFO   ]  MultiQC complete
